<?xml version="1.0" encoding="UTF-8"?>
<test-data
    xmlns="http://pmd.sourceforge.net/rule-tests"
    xmlns:xsi="http://www.w3.org/2001/XMLSchema-instance"
    xsi:schemaLocation="http://pmd.sourceforge.net/rule-tests http://pmd.sourceforge.net/rule-tests_1_0_0.xsd">
    <test-code>
        <description><![CDATA[
setUp mispellings
     ]]></description>
        <expected-problems>2</expected-problems>
        <code><![CDATA[
import junit.framework.TestCase;
public class Foo extends TestCase {
 public void setup() {}
 public void SetUp() {}
}
     ]]></code>
    </test-code>
    <test-code>
        <description><![CDATA[
tearDown misspellings
     ]]></description>
        <expected-problems>2</expected-problems>
        <code><![CDATA[
import junit.framework.TestCase;
public class Foo extends TestCase {
 public void TearDown() {}
 public void teardown() {}
}
     ]]></code>
    </test-code>
    <test-code>
        <description><![CDATA[
ok
     ]]></description>
        <expected-problems>0</expected-problems>
        <code><![CDATA[
import junit.framework.TestCase;
public class Foo extends TestCase {
 public void setUp() {}
 public void tearDown() {}
}
     ]]></code>
    </test-code>
    <test-code>
        <description><![CDATA[
unrelated methods
     ]]></description>
        <expected-problems>0</expected-problems>
        <code><![CDATA[
import junit.framework.TestCase;
public class Foo extends TestCase {
 public void utility() {}
 public void foobr() {}
}
     ]]></code>
    </test-code>
    <test-code>
        <description><![CDATA[
overloaded setUp
     ]]></description>
        <expected-problems>0</expected-problems>
        <code><![CDATA[
import junit.framework.TestCase;
public class Foo extends TestCase {
 public void setup(String x) {}
}
     ]]></code>
    </test-code>
    <test-code>
        <description><![CDATA[
No problem - not a JUnit test
     ]]></description>
        <expected-problems>0</expected-problems>
        <code><![CDATA[
public class Foo {
 public void setup() {}
 public void SetUp() {}
}
     ]]></code>
    </test-code>
</test-data>
